<?xml version="1.0" encoding="UTF-8"?>
<robot generator="Robot 3.2.2 (Python 3.9.0 on win32)" generated="20201214 13:52:58.577" rpa="false">
<suite id="s1" name="Amazon" source="C:\Users\satya\PycharmProjects\RobotFrameWork1\Amazon\Test\Amazon.robot">
<test id="s1-t1" name="User must sign in">
<kw name="Open Browser" library="SeleniumLibrary">
<doc>Opens a new browser instance to the optional ``url``.</doc>
<arguments>
<arg>http://amazon.com</arg>
<arg>Chrome</arg>
</arguments>
<msg timestamp="20201214 13:52:58.749" level="INFO">Opening browser 'Chrome' to base url 'http://amazon.com'.</msg>
<status status="PASS" starttime="20201214 13:52:58.749" endtime="20201214 13:53:06.115"></status>
</kw>
<kw name="Sleep" library="BuiltIn">
<doc>Pauses the test executed for the given time.</doc>
<arguments>
<arg>5s</arg>
</arguments>
<msg timestamp="20201214 13:53:11.116" level="INFO">Slept 5 seconds</msg>
<status status="PASS" starttime="20201214 13:53:06.115" endtime="20201214 13:53:11.116"></status>
</kw>
<kw name="Close Browser" library="SeleniumLibrary">
<doc>Closes the current browser.</doc>
<status status="PASS" starttime="20201214 13:53:11.118" endtime="20201214 13:53:13.398"></status>
</kw>
<doc>Thsi is some basic info about the test</doc>
<tags>
<tag>Smoke</tag>
</tags>
<status status="PASS" starttime="20201214 13:52:58.749" endtime="20201214 13:53:13.400" critical="yes"></status>
</test>
<doc>This gives the ovcerall picture of this suite</doc>
<status status="PASS" starttime="20201214 13:52:58.579" endtime="20201214 13:53:13.415"></status>
</suite>
<statistics>
<total>
<stat pass="1" fail="0">Critical Tests</stat>
<stat pass="1" fail="0">All Tests</stat>
</total>
<tag>
<stat pass="1" fail="0">Smoke</stat>
</tag>
<suite>
<stat pass="1" fail="0" id="s1" name="Amazon">Amazon</stat>
</suite>
</statistics>
<errors>
</errors>
</robot>
